<?xml version="1.0" encoding="UTF-8" ?>
<testsuite errors="0" skipped="0" tests="2" time="1.578" failures="0" name="TestSuite">
  <properties>
    <property value="Sun Microsystems Inc." name="java.vendor"/>
    <property value="C:\WINDOWS" name="env.SYSTEMROOT"/>
    <property value="C:\Documents and Settings\jboner\.m2\repository" name="localRepository"/>
    <property value="SUN_STANDARD" name="sun.java.launcher"/>
    <property value="HotSpot Client Compiler" name="sun.management.compiler"/>
    <property value="%{&amp;#27;[92m%}%m%{&amp;#27;[39;49;m%} %{&amp;#27;[96m%}%(2~.%~.%/)%{&amp;#27;[39;49;m%}$(prompt_wunjo_scm_status)%(?.. %{&amp;#27;[31m%}exited %1v%{&amp;#27;[39;49;m%})
%{&amp;#27;[32m%}%h%{&amp;#27;[39;49;m%} %{&amp;#27;[39m%}%1~%{&amp;#27;[39;49;m%}$(prompt_wunjo_scm_branch) %{&amp;#27;[93m%}%#%{&amp;#27;[39;49;m%} " name="env.PROMPT"/>
    <property value="C:\home\jboner\emacs-config\voicecode\trunk" name="env.VCODE_HOME"/>
    <property value="Windows XP" name="os.name"/>
    <property value="C:\home\jboner\emacs-config\voicecode\trunk/Mediator;C:\home\jboner\emacs-config\voicecode\trunk/Admin;C:/bin/natLink" name="env.PYTHONPATH"/>
    <property value="/home/jboner/.history" name="env.HISTFILE"/>
    <property value="NO" name="env.FP_NO_HOST_CHECK"/>
    <property value="C:\bin\java\jdk1.5.0_17\jre\lib\rt.jar;C:\bin\java\jdk1.5.0_17\jre\lib\i18n.jar;C:\bin\java\jdk1.5.0_17\jre\lib\sunrsasign.jar;C:\bin\java\jdk1.5.0_17\jre\lib\jsse.jar;C:\bin\java\jdk1.5.0_17\jre\lib\jce.jar;C:\bin\java\jdk1.5.0_17\jre\lib\charsets.jar;C:\bin\java\jdk1.5.0_17\jre\classes" name="sun.boot.class.path"/>
    <property value="GONZ" name="env.COMPUTERNAME"/>
    <property value="/home/jboner/src/scala/skalman" name="env.PWD"/>
    <property value="unix" name="env.MAKE_MODE"/>
    <property value="C:\Documents and Settings\All Users" name="env.ALLUSERSPROFILE"/>
    <property value="windows" name="sun.desktop"/>
    <property value="SINSTDIR" name="env.SAMDIR"/>
    <property value="Sun Microsystems Inc." name="java.vm.specification.vendor"/>
    <property value="1.5.0_17-b04" name="java.runtime.version"/>
    <property value="10000" name="env.HISTSIZE"/>
    <property value="\Documents and Settings\jboner" name="env.HOMEPATH"/>
    <property value="jboner" name="user.name"/>
    <property value="jboner" name="env.USER"/>
    <property value="/bin/zsh" name="env.SHELL"/>
    <property value="C:\usr\local\bin;C:\bin;C:\bin;C:\usr\X11R6\bin;C:\Program Files\MiKTeX 2.7\miktex\bin;C:\WINDOWS\system32;C:\WINDOWS;C:\WINDOWS\System32\Wbem;C:\Program Files\ATI Technologies\ATI.ACE\Core-Static;C:\Program Files\SecureCRT\;C:\Program Files\jZip;C:\bin\scala-2.7.2.final\bin;C:\bin\apache-ant-1.7.1\bin;C:\bin\apache-maven-2.0.9\bin;C:\bin\java\jdk1.6.0_06\bin;C:\bin\javaps;C:\bin;C:\bin\python25;C:\bin\sctags;C:\bin\slickedit\win;C:\home\jboner\emacs-config\lib\vrmode_r011;C:\bin\sublime;C:\bin\ruby-1.8.7\bin;C:\bin\terracotta\terracotta-2.7.3\bin;C:\bin\jruby-1.2.0RC2\bin;C:\bin\slickedit\win" name="env.PATH"/>
    <property value="en" name="user.language"/>
    <property value="C:\WINDOWS" name="env.WINDIR"/>
    <property value="C:\bin\java\jdk1.5.0_17\jre\bin" name="sun.boot.library.path"/>
    <property value="C:\bin\apache-maven-2.0.9/bin/m2.conf" name="classworlds.conf"/>
    <property value="1.5.0_17" name="java.version"/>
    <property value="x86 Family 6 Model 23 Stepping 10, GenuineIntel" name="env.PROCESSOR_IDENTIFIER"/>
    <property value="Europe/Berlin" name="user.timezone"/>
    <property value="Console" name="env.CLIENTNAME"/>
    <property value="C:\DOCUME~1\jboner\LOCALS~1\Temp" name="env.TEMP"/>
    <property value="32" name="sun.arch.data.model"/>
    <property value="/cygdrive/c/bin/ec2-api-tools-1.2-13740" name="env.EC2_HOME"/>
    <property value="C:\bin\java\jdk1.5.0_17\jre\lib\endorsed" name="java.endorsed.dirs"/>
    <property value="C:\bin\java\jdk1.6.0_06" name="env.JDK_HOME"/>
    <property value="pentium_pro+mmx pentium_pro pentium+mmx pentium i486 i386 i86" name="sun.cpu.isalist"/>
    <property value="C:" name="env.HOMEDRIVE"/>
    <property value="Cp1252" name="sun.jnu.encoding"/>
    <property value="sun.io" name="file.encoding.pkg"/>
    <property value="1" name="env.SHLVL"/>
    <property value="C:" name="env.SYSTEMDRIVE"/>
    <property value="\" name="file.separator"/>
    <property value="Java Platform API Specification" name="java.specification.name"/>
    <property value="C:\home\jboner\emacs-config" name="env.EMACS_LIB"/>
    <property value="49.0" name="java.class.version"/>
    <property value="US" name="user.country"/>
    <property value="Microsoft Office Document Image Writer" name="env.PRINTER"/>
    <property value="C:\bin\java\jdk1.5.0_17\jre" name="java.home"/>
    <property value="C:\Documents and Settings\jboner\Application Data" name="env.APPDATA"/>
    <property value="mixed mode" name="java.vm.info"/>
    <property value="Windows_NT" name="env.OS"/>
    <property value="jboner" name="env.LOGNAME"/>
    <property value="5.1" name="os.version"/>
    <property value="1" name="env.CLICOLOR"/>
    <property value="%{&amp;#27;[36m%}%D{%Y-%m-%d} %{&amp;#27;[94m%}%D{%T}%{&amp;#27;[39;49;m%} %{&amp;#27;[36m%}%n%{&amp;#27;[39;49;m%} %{&amp;#27;[35m%}%y%{&amp;#27;[39;49;m%}" name="env.RPROMPT"/>
    <property value="rubygems" name="env.RUBYOPT"/>
    <property value=";" name="path.separator"/>
    <property value="1.5.0_17-b04" name="java.vm.version"/>
    <property value="C:\Documents and Settings\jboner" name="env.USERPROFILE"/>
    <property value="" name="user.variant"/>
    <property value="C:\bin\java\jdk1.5.0_17" name="env.JAVA_HOME"/>
    <property value="sun.awt.windows.WPrinterJob" name="java.awt.printerjob"/>
    <property value="cygwin" name="env.TERM"/>
    <property value="C:\DOCUME~1\jboner\LOCALS~1\Temp" name="env.TMP"/>
    <property value="C:\Program Files" name="env.PROGRAMFILES"/>
    <property value="UnicodeLittle" name="sun.io.unicode.encoding"/>
    <property value="sun.awt.windows.WToolkit" name="awt.toolkit"/>
    <property value="ExFxCxDxBxegedabagacad" name="env.LSCOLORS"/>
    <property value="/usr/local/man:/usr/share/man:/usr/man::/usr/ssl/man" name="env.MANPATH"/>
    <property value="C:\Documents and Settings\jboner" name="user.home"/>
    <property value="C:\Program Files\Common Files" name="env.COMMONPROGRAMFILES"/>
    <property value="Console" name="env.SESSIONNAME"/>
    <property value="/home/jboner/src/scala/skalman" name="env.OLDPWD"/>
    <property value="Sun Microsystems Inc." name="java.specification.vendor"/>
    <property value="/cygdrive/c/home/jboner/.ec2/cert-MWD5QOTAIWELYH7QMSAQNKTPS3YK2IVP.pem" name="env.EC2_CERT"/>
    <property value="http://java.sun.com/" name="java.vendor.url"/>
    <property value="C:\bin\java\jdk1.5.0_17\bin;.;C:\WINDOWS\system32;C:\WINDOWS;C:\usr\local\bin;C:\bin;C:\bin;C:\usr\X11R6\bin;C:\Program Files\MiKTeX 2.7\miktex\bin;C:\WINDOWS\system32;C:\WINDOWS;C:\WINDOWS\System32\Wbem;C:\Program Files\ATI Technologies\ATI.ACE\Core-Static;C:\Program Files\SecureCRT\;C:\Program Files\jZip;C:\bin\scala-2.7.2.final\bin;C:\bin\apache-ant-1.7.1\bin;C:\bin\apache-maven-2.0.9\bin;C:\bin\java\jdk1.6.0_06\bin;C:\bin\javaps;C:\bin;C:\bin\python25;C:\bin\sctags;C:\bin\slickedit\win;C:\home\jboner\emacs-config\lib\vrmode_r011;C:\bin\sublime;C:\bin\ruby-1.8.7\bin;C:\bin\terracotta\terracotta-2.7.3\bin;C:\bin\jruby-1.2.0RC2\bin;C:\bin\slickedit\win" name="java.library.path"/>
    <property value="4" name="env.NUMBER_OF_PROCESSORS"/>
    <property value="Sun Microsystems Inc." name="java.vm.vendor"/>
    <property value="/cygdrive/c/home/jboner/.ec2/pk-MWD5QOTAIWELYH7QMSAQNKTPS3YK2IVP.pem" name="env.EC2_PRIVATE_KEY"/>
    <property value="Java(TM) 2 Runtime Environment, Standard Edition" name="java.runtime.name"/>
    <property value="C:\bin\apache-maven-2.0.9" name="maven.home"/>
    <property value="C:\bin\apache-maven-2.0.9/boot/classworlds-1.1.jar" name="java.class.path"/>
    <property value="darkstar" name="env.HOST"/>
    <property value="/bin/ssh" name="env.CVS_RSH"/>
    <property value="Java Virtual Machine Specification" name="java.vm.specification.name"/>
    <property value="\\GONZ" name="env.LOGONSERVER"/>
    <property value="1.0" name="java.vm.specification.version"/>
    <property value="x86" name="env.PROCESSOR_ARCHITECTURE"/>
    <property value="Service Pack 3" name="sun.os.patch.level"/>
    <property value="little" name="sun.cpu.endian"/>
    <property value="C:\home\jboner" name="env.HOME"/>
    <property value="C:\bin\apache-ant-1.7.1" name="env.ANT_HOME"/>
    <property value="C:\home\jboner\src\scala\skalman\core\target\test-classes;C:\home\jboner\src\scala\skalman\core\target\classes;C:\home\jboner\src\scala\skalman\util-java\target\skalman-util-java-1.0.jar;C:\Documents and Settings\jboner\.m2\repository\org\scala-lang\scala-library\2.7.3\scala-library-2.7.3.jar;C:\Documents and Settings\jboner\.m2\repository\net\lag\configgy\1.2\configgy-1.2.jar;C:\Documents and Settings\jboner\.m2\repository\org\aspectj\aspectjtools\1.5.4\aspectjtools-1.5.4.jar;C:\Documents and Settings\jboner\.m2\repository\com\atomikos\transactions\3.1.7\transactions-3.1.7.jar;C:\Documents and Settings\jboner\.m2\repository\com\atomikos\atomikos-util\3.1.7\atomikos-util-3.1.7.jar;C:\Documents and Settings\jboner\.m2\repository\com\atomikos\transactions-api\3.1.7\transactions-api-3.1.7.jar;C:\Documents and Settings\jboner\.m2\repository\com\atomikos\transactions-jta\3.1.7\transactions-jta-3.1.7.jar;C:\Documents and Settings\jboner\.m2\repository\javax\transaction\jta\1.0.1B\jta-1.0.1B.jar;C:\Documents and Settings\jboner\.m2\repository\org\apache\geronimo\specs\geronimo-ejb_3.0_spec\1.0.1\geronimo-ejb_3.0_spec-1.0.1.jar;C:\Documents and Settings\jboner\.m2\repository\javax\persistence\persistence-api\1.0\persistence-api-1.0.jar;C:\Documents and Settings\jboner\.m2\repository\javax\resource\connector-api\1.5\connector-api-1.5.jar;C:\Documents and Settings\jboner\.m2\repository\org\hibernate\hibernate\3.2.6.ga\hibernate-3.2.6.ga.jar;C:\Documents and Settings\jboner\.m2\repository\net\sf\ehcache\ehcache\1.2.3\ehcache-1.2.3.jar;C:\Documents and Settings\jboner\.m2\repository\commons-logging\commons-logging\1.0.4\commons-logging-1.0.4.jar;C:\Documents and Settings\jboner\.m2\repository\commons-collections\commons-collections\2.1.1\commons-collections-2.1.1.jar;C:\Documents and Settings\jboner\.m2\repository\asm\asm-attrs\1.5.3\asm-attrs-1.5.3.jar;C:\Documents and Settings\jboner\.m2\repository\dom4j\dom4j\1.6.1\dom4j-1.6.1.jar;C:\Documents and Settings\jboner\.m2\repository\antlr\antlr\2.7.6\antlr-2.7.6.jar;C:\Documents and Settings\jboner\.m2\repository\cglib\cglib\2.1_3\cglib-2.1_3.jar;C:\Documents and Settings\jboner\.m2\repository\asm\asm\1.5.3\asm-1.5.3.jar;C:\Documents and Settings\jboner\.m2\repository\org\scalatest\scalatest\0.9.4\scalatest-0.9.4.jar;C:\Documents and Settings\jboner\.m2\repository\org\testng\testng\5.7\testng-5.7-jdk15.jar;C:\Documents and Settings\jboner\.m2\repository\junit\junit\3.8.1\junit-3.8.1.jar;C:\Documents and Settings\jboner\.m2\repository\org\easymock\easymock\2.0\easymock-2.0.jar;" name="surefire.test.class.path"/>
    <property value="C:\DOCUME~1\jboner\LOCALS~1\Temp\" name="java.io.tmpdir"/>
    <property value="170a" name="env.PROCESSOR_REVISION"/>
    <property value="http://java.sun.com/cgi-bin/bugreport.cgi" name="java.vendor.url.bug"/>
    <property value="C:\WINDOWS\system32\cmd.exe" name="env.COMSPEC"/>
    <property value="sun.awt.Win32GraphicsEnvironment" name="java.awt.graphicsenv"/>
    <property value="x86" name="os.arch"/>
    <property value="C:\bin\java\jdk1.5.0_17\jre\lib\ext" name="java.ext.dirs"/>
    <property value="C:\home\jboner\src\scala\skalman\core" name="user.dir"/>
    <property value="C:\bin\apache-maven-2.0.9" name="env.MAVEN_HOME"/>
    <property value="10000" name="env.SAVEHIST"/>
    <property value="/usr/local/info:/usr/share/info:/usr/info:" name="env.INFOPATH"/>
    <property value="
" name="line.separator"/>
    <property value="Java HotSpot(TM) Client VM" name="java.vm.name"/>
    <property value=".COM;.EXE;.BAT;.CMD;.VBS;.VBE;.JS;.JSE;.WSF;.WSH" name="env.PATHEXT"/>
    <property value="gedit" name="env.EDITOR"/>
    <property value="C:\home\jboner\src\scala\skalman\core" name="basedir"/>
    <property value="C:\bin\terracotta\terracotta-2.7.3" name="env.TC_HOME"/>
    <property value="jboner" name="env.USERNAME"/>
    <property value="C:\bin\scala-2.7.2.final" name="env.SCALA_HOME"/>
    <property value="Cp1252" name="file.encoding"/>
    <property value="GONZ" name="env.USERDOMAIN"/>
    <property value="1.5" name="java.specification.version"/>
    <property value="6" name="env.PROCESSOR_LEVEL"/>
  </properties>
  <testcase classname="se.scalablesolutions.skalman.InterceptorSuite" time="0.265" name="testMethodAnnotationOnParentInterfaceMatchingInterceptor"/>
  <testcase classname="se.scalablesolutions.skalman.InterceptorSuite" time="0" name="testMethodAnnotationOnInterfaceMatchingInterceptor"/>
</testsuite>